  Account.cpp
C:\Users\Phat K.Tran\OneDrive - VNU-HCMUS\APCS\Year I\2nd\CS162\Final Project\cs162-21apcs\Course_Registration_System\Course_Registration_System\Course.h(15,10): error C2065: 'Student': undeclared identifier
C:\Users\Phat K.Tran\OneDrive - VNU-HCMUS\APCS\Year I\2nd\CS162\Final Project\cs162-21apcs\Course_Registration_System\Course_Registration_System\Course.h(15,5): error C2923: 'Node': 'Student' is not a valid template type argument for parameter 'T'
C:\Users\Phat K.Tran\OneDrive - VNU-HCMUS\APCS\Year I\2nd\CS162\Final Project\cs162-21apcs\Course_Registration_System\Course_Registration_System\Course.h(15): message : see declaration of 'Student'
C:\Users\Phat K.Tran\OneDrive - VNU-HCMUS\APCS\Year I\2nd\CS162\Final Project\cs162-21apcs\Course_Registration_System\Course_Registration_System\Course.h(35,35): error C4430: missing type specifier - int assumed. Note: C++ does not support default-int
C:\Users\Phat K.Tran\OneDrive - VNU-HCMUS\APCS\Year I\2nd\CS162\Final Project\cs162-21apcs\Course_Registration_System\Course_Registration_System\Course.h(35,35): error C2143: syntax error: missing ',' before '&'
C:\Users\Phat K.Tran\OneDrive - VNU-HCMUS\APCS\Year I\2nd\CS162\Final Project\cs162-21apcs\Course_Registration_System\Course_Registration_System\Course.h(37,10): error C2065: 'Student': undeclared identifier
C:\Users\Phat K.Tran\OneDrive - VNU-HCMUS\APCS\Year I\2nd\CS162\Final Project\cs162-21apcs\Course_Registration_System\Course_Registration_System\Course.h(37,5): error C2923: 'Node': 'Student' is not a valid template type argument for parameter 'T'
C:\Users\Phat K.Tran\OneDrive - VNU-HCMUS\APCS\Year I\2nd\CS162\Final Project\cs162-21apcs\Course_Registration_System\Course_Registration_System\Course.h(37): message : see declaration of 'Student'
C:\Users\Phat K.Tran\OneDrive - VNU-HCMUS\APCS\Year I\2nd\CS162\Final Project\cs162-21apcs\Course_Registration_System\Course_Registration_System\Course.h(37,42): error C4430: missing type specifier - int assumed. Note: C++ does not support default-int
C:\Users\Phat K.Tran\OneDrive - VNU-HCMUS\APCS\Year I\2nd\CS162\Final Project\cs162-21apcs\Course_Registration_System\Course_Registration_System\Course.h(37,42): error C2143: syntax error: missing ',' before '&'
C:\Users\Phat K.Tran\OneDrive - VNU-HCMUS\APCS\Year I\2nd\CS162\Final Project\cs162-21apcs\Course_Registration_System\Course_Registration_System\Course.h(38,30): error C4430: missing type specifier - int assumed. Note: C++ does not support default-int
C:\Users\Phat K.Tran\OneDrive - VNU-HCMUS\APCS\Year I\2nd\CS162\Final Project\cs162-21apcs\Course_Registration_System\Course_Registration_System\Course.h(38,30): error C2143: syntax error: missing ',' before '&'
C:\Users\Phat K.Tran\OneDrive - VNU-HCMUS\APCS\Year I\2nd\CS162\Final Project\cs162-21apcs\Course_Registration_System\Course_Registration_System\Class.h(8,10): error C2065: 'Student': undeclared identifier
C:\Users\Phat K.Tran\OneDrive - VNU-HCMUS\APCS\Year I\2nd\CS162\Final Project\cs162-21apcs\Course_Registration_System\Course_Registration_System\Class.h(8,5): error C2923: 'Node': 'Student' is not a valid template type argument for parameter 'T'
C:\Users\Phat K.Tran\OneDrive - VNU-HCMUS\APCS\Year I\2nd\CS162\Final Project\cs162-21apcs\Course_Registration_System\Course_Registration_System\Class.h(8): message : see declaration of 'Student'
C:\Users\Phat K.Tran\OneDrive - VNU-HCMUS\APCS\Year I\2nd\CS162\Final Project\cs162-21apcs\Course_Registration_System\Course_Registration_System\Class.h(12,31): error C4430: missing type specifier - int assumed. Note: C++ does not support default-int
C:\Users\Phat K.Tran\OneDrive - VNU-HCMUS\APCS\Year I\2nd\CS162\Final Project\cs162-21apcs\Course_Registration_System\Course_Registration_System\Class.h(12,31): error C2143: syntax error: missing ',' before '&'
C:\Users\Phat K.Tran\OneDrive - VNU-HCMUS\APCS\Year I\2nd\CS162\Final Project\cs162-21apcs\Course_Registration_System\Course_Registration_System\Class.h(14,36): error C4430: missing type specifier - int assumed. Note: C++ does not support default-int
C:\Users\Phat K.Tran\OneDrive - VNU-HCMUS\APCS\Year I\2nd\CS162\Final Project\cs162-21apcs\Course_Registration_System\Course_Registration_System\Class.h(14,36): error C2143: syntax error: missing ',' before '&'
C:\Users\Phat K.Tran\OneDrive - VNU-HCMUS\APCS\Year I\2nd\CS162\Final Project\cs162-21apcs\Course_Registration_System\Course_Registration_System\Class.h(16,34): error C4430: missing type specifier - int assumed. Note: C++ does not support default-int
C:\Users\Phat K.Tran\OneDrive - VNU-HCMUS\APCS\Year I\2nd\CS162\Final Project\cs162-21apcs\Course_Registration_System\Course_Registration_System\Class.h(16,34): error C2143: syntax error: missing ',' before '&'
  Class.cpp
C:\Users\Phat K.Tran\OneDrive - VNU-HCMUS\APCS\Year I\2nd\CS162\Final Project\cs162-21apcs\Course_Registration_System\Course_Registration_System\Course.h(15,10): error C2065: 'Student': undeclared identifier
C:\Users\Phat K.Tran\OneDrive - VNU-HCMUS\APCS\Year I\2nd\CS162\Final Project\cs162-21apcs\Course_Registration_System\Course_Registration_System\Course.h(15,5): error C2923: 'Node': 'Student' is not a valid template type argument for parameter 'T'
C:\Users\Phat K.Tran\OneDrive - VNU-HCMUS\APCS\Year I\2nd\CS162\Final Project\cs162-21apcs\Course_Registration_System\Course_Registration_System\Course.h(15): message : see declaration of 'Student'
C:\Users\Phat K.Tran\OneDrive - VNU-HCMUS\APCS\Year I\2nd\CS162\Final Project\cs162-21apcs\Course_Registration_System\Course_Registration_System\Course.h(35,35): error C4430: missing type specifier - int assumed. Note: C++ does not support default-int
C:\Users\Phat K.Tran\OneDrive - VNU-HCMUS\APCS\Year I\2nd\CS162\Final Project\cs162-21apcs\Course_Registration_System\Course_Registration_System\Course.h(35,35): error C2143: syntax error: missing ',' before '&'
C:\Users\Phat K.Tran\OneDrive - VNU-HCMUS\APCS\Year I\2nd\CS162\Final Project\cs162-21apcs\Course_Registration_System\Course_Registration_System\Course.h(37,10): error C2065: 'Student': undeclared identifier
C:\Users\Phat K.Tran\OneDrive - VNU-HCMUS\APCS\Year I\2nd\CS162\Final Project\cs162-21apcs\Course_Registration_System\Course_Registration_System\Course.h(37,5): error C2923: 'Node': 'Student' is not a valid template type argument for parameter 'T'
C:\Users\Phat K.Tran\OneDrive - VNU-HCMUS\APCS\Year I\2nd\CS162\Final Project\cs162-21apcs\Course_Registration_System\Course_Registration_System\Course.h(37): message : see declaration of 'Student'
C:\Users\Phat K.Tran\OneDrive - VNU-HCMUS\APCS\Year I\2nd\CS162\Final Project\cs162-21apcs\Course_Registration_System\Course_Registration_System\Course.h(37,42): error C4430: missing type specifier - int assumed. Note: C++ does not support default-int
C:\Users\Phat K.Tran\OneDrive - VNU-HCMUS\APCS\Year I\2nd\CS162\Final Project\cs162-21apcs\Course_Registration_System\Course_Registration_System\Course.h(37,42): error C2143: syntax error: missing ',' before '&'
C:\Users\Phat K.Tran\OneDrive - VNU-HCMUS\APCS\Year I\2nd\CS162\Final Project\cs162-21apcs\Course_Registration_System\Course_Registration_System\Course.h(38,30): error C4430: missing type specifier - int assumed. Note: C++ does not support default-int
C:\Users\Phat K.Tran\OneDrive - VNU-HCMUS\APCS\Year I\2nd\CS162\Final Project\cs162-21apcs\Course_Registration_System\Course_Registration_System\Course.h(38,30): error C2143: syntax error: missing ',' before '&'
C:\Users\Phat K.Tran\OneDrive - VNU-HCMUS\APCS\Year I\2nd\CS162\Final Project\cs162-21apcs\Course_Registration_System\Course_Registration_System\Student.h(13,8): error C3646: 'student_class': unknown override specifier
C:\Users\Phat K.Tran\OneDrive - VNU-HCMUS\APCS\Year I\2nd\CS162\Final Project\cs162-21apcs\Course_Registration_System\Course_Registration_System\Student.h(13,21): error C4430: missing type specifier - int assumed. Note: C++ does not support default-int
C:\Users\Phat K.Tran\OneDrive - VNU-HCMUS\APCS\Year I\2nd\CS162\Final Project\cs162-21apcs\Course_Registration_System\Course_Registration_System\Student.h(20,13): error C4430: missing type specifier - int assumed. Note: C++ does not support default-int
C:\Users\Phat K.Tran\OneDrive - VNU-HCMUS\APCS\Year I\2nd\CS162\Final Project\cs162-21apcs\Course_Registration_System\Course_Registration_System\Student.h(20,13): error C2143: syntax error: missing ';' before '&'
C:\Users\Phat K.Tran\OneDrive - VNU-HCMUS\APCS\Year I\2nd\CS162\Final Project\cs162-21apcs\Course_Registration_System\Course_Registration_System\Student.h(20,25): error C2238: unexpected token(s) preceding ';'
  Course.cpp
C:\Users\Phat K.Tran\OneDrive - VNU-HCMUS\APCS\Year I\2nd\CS162\Final Project\cs162-21apcs\Course_Registration_System\Course_Registration_System\Class.h(8,10): error C2065: 'Student': undeclared identifier
C:\Users\Phat K.Tran\OneDrive - VNU-HCMUS\APCS\Year I\2nd\CS162\Final Project\cs162-21apcs\Course_Registration_System\Course_Registration_System\Class.h(8,5): error C2923: 'Node': 'Student' is not a valid template type argument for parameter 'T'
C:\Users\Phat K.Tran\OneDrive - VNU-HCMUS\APCS\Year I\2nd\CS162\Final Project\cs162-21apcs\Course_Registration_System\Course_Registration_System\Class.h(8): message : see declaration of 'Student'
C:\Users\Phat K.Tran\OneDrive - VNU-HCMUS\APCS\Year I\2nd\CS162\Final Project\cs162-21apcs\Course_Registration_System\Course_Registration_System\Class.h(12,31): error C4430: missing type specifier - int assumed. Note: C++ does not support default-int
C:\Users\Phat K.Tran\OneDrive - VNU-HCMUS\APCS\Year I\2nd\CS162\Final Project\cs162-21apcs\Course_Registration_System\Course_Registration_System\Class.h(12,31): error C2143: syntax error: missing ',' before '&'
C:\Users\Phat K.Tran\OneDrive - VNU-HCMUS\APCS\Year I\2nd\CS162\Final Project\cs162-21apcs\Course_Registration_System\Course_Registration_System\Class.h(14,36): error C4430: missing type specifier - int assumed. Note: C++ does not support default-int
C:\Users\Phat K.Tran\OneDrive - VNU-HCMUS\APCS\Year I\2nd\CS162\Final Project\cs162-21apcs\Course_Registration_System\Course_Registration_System\Class.h(14,36): error C2143: syntax error: missing ',' before '&'
C:\Users\Phat K.Tran\OneDrive - VNU-HCMUS\APCS\Year I\2nd\CS162\Final Project\cs162-21apcs\Course_Registration_System\Course_Registration_System\Class.h(16,34): error C4430: missing type specifier - int assumed. Note: C++ does not support default-int
C:\Users\Phat K.Tran\OneDrive - VNU-HCMUS\APCS\Year I\2nd\CS162\Final Project\cs162-21apcs\Course_Registration_System\Course_Registration_System\Class.h(16,34): error C2143: syntax error: missing ',' before '&'
C:\Users\Phat K.Tran\OneDrive - VNU-HCMUS\APCS\Year I\2nd\CS162\Final Project\cs162-21apcs\Course_Registration_System\Course_Registration_System\Student.h(14,7): error C2065: 'Course': undeclared identifier
C:\Users\Phat K.Tran\OneDrive - VNU-HCMUS\APCS\Year I\2nd\CS162\Final Project\cs162-21apcs\Course_Registration_System\Course_Registration_System\Student.h(14,2): error C2923: 'Node': 'Course' is not a valid template type argument for parameter 'T'
C:\Users\Phat K.Tran\OneDrive - VNU-HCMUS\APCS\Year I\2nd\CS162\Final Project\cs162-21apcs\Course_Registration_System\Course_Registration_System\Student.h(14): message : see declaration of 'Course'
C:\Users\Phat K.Tran\OneDrive - VNU-HCMUS\APCS\Year I\2nd\CS162\Final Project\cs162-21apcs\Course_Registration_System\Course_Registration_System\Student.h(25,33): error C4430: missing type specifier - int assumed. Note: C++ does not support default-int
C:\Users\Phat K.Tran\OneDrive - VNU-HCMUS\APCS\Year I\2nd\CS162\Final Project\cs162-21apcs\Course_Registration_System\Course_Registration_System\Student.h(25,33): error C2143: syntax error: missing ',' before '&'
  Driver.cpp
C:\Users\Phat K.Tran\OneDrive - VNU-HCMUS\APCS\Year I\2nd\CS162\Final Project\cs162-21apcs\Course_Registration_System\Course_Registration_System\Course.h(15,10): error C2065: 'Student': undeclared identifier
C:\Users\Phat K.Tran\OneDrive - VNU-HCMUS\APCS\Year I\2nd\CS162\Final Project\cs162-21apcs\Course_Registration_System\Course_Registration_System\Course.h(15,5): error C2923: 'Node': 'Student' is not a valid template type argument for parameter 'T'
C:\Users\Phat K.Tran\OneDrive - VNU-HCMUS\APCS\Year I\2nd\CS162\Final Project\cs162-21apcs\Course_Registration_System\Course_Registration_System\Course.h(15): message : see declaration of 'Student'
C:\Users\Phat K.Tran\OneDrive - VNU-HCMUS\APCS\Year I\2nd\CS162\Final Project\cs162-21apcs\Course_Registration_System\Course_Registration_System\Course.h(35,35): error C4430: missing type specifier - int assumed. Note: C++ does not support default-int
C:\Users\Phat K.Tran\OneDrive - VNU-HCMUS\APCS\Year I\2nd\CS162\Final Project\cs162-21apcs\Course_Registration_System\Course_Registration_System\Course.h(35,35): error C2143: syntax error: missing ',' before '&'
C:\Users\Phat K.Tran\OneDrive - VNU-HCMUS\APCS\Year I\2nd\CS162\Final Project\cs162-21apcs\Course_Registration_System\Course_Registration_System\Course.h(37,10): error C2065: 'Student': undeclared identifier
C:\Users\Phat K.Tran\OneDrive - VNU-HCMUS\APCS\Year I\2nd\CS162\Final Project\cs162-21apcs\Course_Registration_System\Course_Registration_System\Course.h(37,5): error C2923: 'Node': 'Student' is not a valid template type argument for parameter 'T'
C:\Users\Phat K.Tran\OneDrive - VNU-HCMUS\APCS\Year I\2nd\CS162\Final Project\cs162-21apcs\Course_Registration_System\Course_Registration_System\Course.h(37): message : see declaration of 'Student'
C:\Users\Phat K.Tran\OneDrive - VNU-HCMUS\APCS\Year I\2nd\CS162\Final Project\cs162-21apcs\Course_Registration_System\Course_Registration_System\Course.h(37,42): error C4430: missing type specifier - int assumed. Note: C++ does not support default-int
C:\Users\Phat K.Tran\OneDrive - VNU-HCMUS\APCS\Year I\2nd\CS162\Final Project\cs162-21apcs\Course_Registration_System\Course_Registration_System\Course.h(37,42): error C2143: syntax error: missing ',' before '&'
C:\Users\Phat K.Tran\OneDrive - VNU-HCMUS\APCS\Year I\2nd\CS162\Final Project\cs162-21apcs\Course_Registration_System\Course_Registration_System\Course.h(38,30): error C4430: missing type specifier - int assumed. Note: C++ does not support default-int
C:\Users\Phat K.Tran\OneDrive - VNU-HCMUS\APCS\Year I\2nd\CS162\Final Project\cs162-21apcs\Course_Registration_System\Course_Registration_System\Course.h(38,30): error C2143: syntax error: missing ',' before '&'
C:\Users\Phat K.Tran\OneDrive - VNU-HCMUS\APCS\Year I\2nd\CS162\Final Project\cs162-21apcs\Course_Registration_System\Course_Registration_System\Class.h(8,10): error C2065: 'Student': undeclared identifier
C:\Users\Phat K.Tran\OneDrive - VNU-HCMUS\APCS\Year I\2nd\CS162\Final Project\cs162-21apcs\Course_Registration_System\Course_Registration_System\Class.h(8,5): error C2923: 'Node': 'Student' is not a valid template type argument for parameter 'T'
C:\Users\Phat K.Tran\OneDrive - VNU-HCMUS\APCS\Year I\2nd\CS162\Final Project\cs162-21apcs\Course_Registration_System\Course_Registration_System\Class.h(8): message : see declaration of 'Student'
C:\Users\Phat K.Tran\OneDrive - VNU-HCMUS\APCS\Year I\2nd\CS162\Final Project\cs162-21apcs\Course_Registration_System\Course_Registration_System\Class.h(12,31): error C4430: missing type specifier - int assumed. Note: C++ does not support default-int
C:\Users\Phat K.Tran\OneDrive - VNU-HCMUS\APCS\Year I\2nd\CS162\Final Project\cs162-21apcs\Course_Registration_System\Course_Registration_System\Class.h(12,31): error C2143: syntax error: missing ',' before '&'
C:\Users\Phat K.Tran\OneDrive - VNU-HCMUS\APCS\Year I\2nd\CS162\Final Project\cs162-21apcs\Course_Registration_System\Course_Registration_System\Class.h(14,36): error C4430: missing type specifier - int assumed. Note: C++ does not support default-int
C:\Users\Phat K.Tran\OneDrive - VNU-HCMUS\APCS\Year I\2nd\CS162\Final Project\cs162-21apcs\Course_Registration_System\Course_Registration_System\Class.h(14,36): error C2143: syntax error: missing ',' before '&'
C:\Users\Phat K.Tran\OneDrive - VNU-HCMUS\APCS\Year I\2nd\CS162\Final Project\cs162-21apcs\Course_Registration_System\Course_Registration_System\Class.h(16,34): error C4430: missing type specifier - int assumed. Note: C++ does not support default-int
C:\Users\Phat K.Tran\OneDrive - VNU-HCMUS\APCS\Year I\2nd\CS162\Final Project\cs162-21apcs\Course_Registration_System\Course_Registration_System\Class.h(16,34): error C2143: syntax error: missing ',' before '&'
  Semester.cpp
C:\Users\Phat K.Tran\OneDrive - VNU-HCMUS\APCS\Year I\2nd\CS162\Final Project\cs162-21apcs\Course_Registration_System\Course_Registration_System\Course.h(15,10): error C2065: 'Student': undeclared identifier
C:\Users\Phat K.Tran\OneDrive - VNU-HCMUS\APCS\Year I\2nd\CS162\Final Project\cs162-21apcs\Course_Registration_System\Course_Registration_System\Course.h(15,5): error C2923: 'Node': 'Student' is not a valid template type argument for parameter 'T'
C:\Users\Phat K.Tran\OneDrive - VNU-HCMUS\APCS\Year I\2nd\CS162\Final Project\cs162-21apcs\Course_Registration_System\Course_Registration_System\Course.h(15): message : see declaration of 'Student'
C:\Users\Phat K.Tran\OneDrive - VNU-HCMUS\APCS\Year I\2nd\CS162\Final Project\cs162-21apcs\Course_Registration_System\Course_Registration_System\Course.h(35,35): error C4430: missing type specifier - int assumed. Note: C++ does not support default-int
C:\Users\Phat K.Tran\OneDrive - VNU-HCMUS\APCS\Year I\2nd\CS162\Final Project\cs162-21apcs\Course_Registration_System\Course_Registration_System\Course.h(35,35): error C2143: syntax error: missing ',' before '&'
C:\Users\Phat K.Tran\OneDrive - VNU-HCMUS\APCS\Year I\2nd\CS162\Final Project\cs162-21apcs\Course_Registration_System\Course_Registration_System\Course.h(37,10): error C2065: 'Student': undeclared identifier
C:\Users\Phat K.Tran\OneDrive - VNU-HCMUS\APCS\Year I\2nd\CS162\Final Project\cs162-21apcs\Course_Registration_System\Course_Registration_System\Course.h(37,5): error C2923: 'Node': 'Student' is not a valid template type argument for parameter 'T'
C:\Users\Phat K.Tran\OneDrive - VNU-HCMUS\APCS\Year I\2nd\CS162\Final Project\cs162-21apcs\Course_Registration_System\Course_Registration_System\Course.h(37): message : see declaration of 'Student'
C:\Users\Phat K.Tran\OneDrive - VNU-HCMUS\APCS\Year I\2nd\CS162\Final Project\cs162-21apcs\Course_Registration_System\Course_Registration_System\Course.h(37,42): error C4430: missing type specifier - int assumed. Note: C++ does not support default-int
C:\Users\Phat K.Tran\OneDrive - VNU-HCMUS\APCS\Year I\2nd\CS162\Final Project\cs162-21apcs\Course_Registration_System\Course_Registration_System\Course.h(37,42): error C2143: syntax error: missing ',' before '&'
C:\Users\Phat K.Tran\OneDrive - VNU-HCMUS\APCS\Year I\2nd\CS162\Final Project\cs162-21apcs\Course_Registration_System\Course_Registration_System\Course.h(38,30): error C4430: missing type specifier - int assumed. Note: C++ does not support default-int
C:\Users\Phat K.Tran\OneDrive - VNU-HCMUS\APCS\Year I\2nd\CS162\Final Project\cs162-21apcs\Course_Registration_System\Course_Registration_System\Course.h(38,30): error C2143: syntax error: missing ',' before '&'
C:\Users\Phat K.Tran\OneDrive - VNU-HCMUS\APCS\Year I\2nd\CS162\Final Project\cs162-21apcs\Course_Registration_System\Course_Registration_System\Student.h(13,8): error C3646: 'student_class': unknown override specifier
C:\Users\Phat K.Tran\OneDrive - VNU-HCMUS\APCS\Year I\2nd\CS162\Final Project\cs162-21apcs\Course_Registration_System\Course_Registration_System\Student.h(13,21): error C4430: missing type specifier - int assumed. Note: C++ does not support default-int
C:\Users\Phat K.Tran\OneDrive - VNU-HCMUS\APCS\Year I\2nd\CS162\Final Project\cs162-21apcs\Course_Registration_System\Course_Registration_System\Student.h(20,13): error C4430: missing type specifier - int assumed. Note: C++ does not support default-int
C:\Users\Phat K.Tran\OneDrive - VNU-HCMUS\APCS\Year I\2nd\CS162\Final Project\cs162-21apcs\Course_Registration_System\Course_Registration_System\Student.h(20,13): error C2143: syntax error: missing ';' before '&'
C:\Users\Phat K.Tran\OneDrive - VNU-HCMUS\APCS\Year I\2nd\CS162\Final Project\cs162-21apcs\Course_Registration_System\Course_Registration_System\Student.h(20,25): error C2238: unexpected token(s) preceding ';'
  Staff.cpp
  Student.cpp
C:\Users\Phat K.Tran\OneDrive - VNU-HCMUS\APCS\Year I\2nd\CS162\Final Project\cs162-21apcs\Course_Registration_System\Course_Registration_System\Course.h(15,10): error C2065: 'Student': undeclared identifier
C:\Users\Phat K.Tran\OneDrive - VNU-HCMUS\APCS\Year I\2nd\CS162\Final Project\cs162-21apcs\Course_Registration_System\Course_Registration_System\Course.h(15,5): error C2923: 'Node': 'Student' is not a valid template type argument for parameter 'T'
C:\Users\Phat K.Tran\OneDrive - VNU-HCMUS\APCS\Year I\2nd\CS162\Final Project\cs162-21apcs\Course_Registration_System\Course_Registration_System\Course.h(15): message : see declaration of 'Student'
C:\Users\Phat K.Tran\OneDrive - VNU-HCMUS\APCS\Year I\2nd\CS162\Final Project\cs162-21apcs\Course_Registration_System\Course_Registration_System\Course.h(35,35): error C4430: missing type specifier - int assumed. Note: C++ does not support default-int
C:\Users\Phat K.Tran\OneDrive - VNU-HCMUS\APCS\Year I\2nd\CS162\Final Project\cs162-21apcs\Course_Registration_System\Course_Registration_System\Course.h(35,35): error C2143: syntax error: missing ',' before '&'
C:\Users\Phat K.Tran\OneDrive - VNU-HCMUS\APCS\Year I\2nd\CS162\Final Project\cs162-21apcs\Course_Registration_System\Course_Registration_System\Course.h(37,10): error C2065: 'Student': undeclared identifier
C:\Users\Phat K.Tran\OneDrive - VNU-HCMUS\APCS\Year I\2nd\CS162\Final Project\cs162-21apcs\Course_Registration_System\Course_Registration_System\Course.h(37,5): error C2923: 'Node': 'Student' is not a valid template type argument for parameter 'T'
C:\Users\Phat K.Tran\OneDrive - VNU-HCMUS\APCS\Year I\2nd\CS162\Final Project\cs162-21apcs\Course_Registration_System\Course_Registration_System\Course.h(37): message : see declaration of 'Student'
C:\Users\Phat K.Tran\OneDrive - VNU-HCMUS\APCS\Year I\2nd\CS162\Final Project\cs162-21apcs\Course_Registration_System\Course_Registration_System\Course.h(37,42): error C4430: missing type specifier - int assumed. Note: C++ does not support default-int
C:\Users\Phat K.Tran\OneDrive - VNU-HCMUS\APCS\Year I\2nd\CS162\Final Project\cs162-21apcs\Course_Registration_System\Course_Registration_System\Course.h(37,42): error C2143: syntax error: missing ',' before '&'
C:\Users\Phat K.Tran\OneDrive - VNU-HCMUS\APCS\Year I\2nd\CS162\Final Project\cs162-21apcs\Course_Registration_System\Course_Registration_System\Course.h(38,30): error C4430: missing type specifier - int assumed. Note: C++ does not support default-int
C:\Users\Phat K.Tran\OneDrive - VNU-HCMUS\APCS\Year I\2nd\CS162\Final Project\cs162-21apcs\Course_Registration_System\Course_Registration_System\Course.h(38,30): error C2143: syntax error: missing ',' before '&'
C:\Users\Phat K.Tran\OneDrive - VNU-HCMUS\APCS\Year I\2nd\CS162\Final Project\cs162-21apcs\Course_Registration_System\Course_Registration_System\Class.h(8,10): error C2065: 'Student': undeclared identifier
C:\Users\Phat K.Tran\OneDrive - VNU-HCMUS\APCS\Year I\2nd\CS162\Final Project\cs162-21apcs\Course_Registration_System\Course_Registration_System\Class.h(8,5): error C2923: 'Node': 'Student' is not a valid template type argument for parameter 'T'
C:\Users\Phat K.Tran\OneDrive - VNU-HCMUS\APCS\Year I\2nd\CS162\Final Project\cs162-21apcs\Course_Registration_System\Course_Registration_System\Class.h(8): message : see declaration of 'Student'
C:\Users\Phat K.Tran\OneDrive - VNU-HCMUS\APCS\Year I\2nd\CS162\Final Project\cs162-21apcs\Course_Registration_System\Course_Registration_System\Class.h(12,31): error C4430: missing type specifier - int assumed. Note: C++ does not support default-int
C:\Users\Phat K.Tran\OneDrive - VNU-HCMUS\APCS\Year I\2nd\CS162\Final Project\cs162-21apcs\Course_Registration_System\Course_Registration_System\Class.h(12,31): error C2143: syntax error: missing ',' before '&'
C:\Users\Phat K.Tran\OneDrive - VNU-HCMUS\APCS\Year I\2nd\CS162\Final Project\cs162-21apcs\Course_Registration_System\Course_Registration_System\Class.h(14,36): error C4430: missing type specifier - int assumed. Note: C++ does not support default-int
C:\Users\Phat K.Tran\OneDrive - VNU-HCMUS\APCS\Year I\2nd\CS162\Final Project\cs162-21apcs\Course_Registration_System\Course_Registration_System\Class.h(14,36): error C2143: syntax error: missing ',' before '&'
C:\Users\Phat K.Tran\OneDrive - VNU-HCMUS\APCS\Year I\2nd\CS162\Final Project\cs162-21apcs\Course_Registration_System\Course_Registration_System\Class.h(16,34): error C4430: missing type specifier - int assumed. Note: C++ does not support default-int
C:\Users\Phat K.Tran\OneDrive - VNU-HCMUS\APCS\Year I\2nd\CS162\Final Project\cs162-21apcs\Course_Registration_System\Course_Registration_System\Class.h(16,34): error C2143: syntax error: missing ',' before '&'
